Build started 21.05.2013 19:19:22.
     1>Project "C:\Users\marinos\Promotion\Tools\oscactivator\oscactivator\Builds\VisualStudio2010\oscactivator.vcxproj" on node 2 (build target(s)).
     1>InitializeBuildStatus:
         Creating ".\Debug\oscactivator.unsuccessfulbuild" because "AlwaysCreate" was specified.
       ClCompile:
         All outputs are up-to-date.
       ResourceCompile:
         All outputs are up-to-date.
       ManifestResourceCompile:
         All outputs are up-to-date.
       Link:
         All outputs are up-to-date.
       Manifest:
         All outputs are up-to-date.
       FinalizeBuildStatus:
         Deleting file ".\Debug\oscactivator.unsuccessfulbuild".
         Touching ".\Debug\oscactivator.lastbuildstate".
     1>Done Building Project "C:\Users\marinos\Promotion\Tools\oscactivator\oscactivator\Builds\VisualStudio2010\oscactivator.vcxproj" (build target(s)).

Das Erstellen war erfolgreich.

Time Elapsed 00:00:00.44
