Der Buildvorgang wurde am 21.05.2013 11:35:27 gestartet.
     1>Projekt "C:\Users\marinos\Promotion\Tools\oscactivator\oscactivator\Builds\VisualStudio2010\oscactivator.vcxproj" auf Knoten "2", build Ziel(e).
     1>InitializeBuildStatus:
         Aktualisieren des Timestamps von ".\Release\oscactivator.unsuccessfulbuild".
       ClCompile:
         Alle Ausgaben sind aktuell.
       ResourceCompile:
         Alle Ausgaben sind aktuell.
       Link:
         c:\Program Files (x86)\Microsoft Visual Studio 10.0\VC\bin\link.exe /ERRORREPORT:PROMPT /OUT:".\Release\oscactivator.exe" /NOLOGO kernel32.lib user32.lib gdi32.lib winspool.lib comdlg32.lib advapi32.lib shell32.lib ole32.lib oleaut32.lib uuid.lib odbc32.lib odbccp32.lib /MANIFEST /ManifestFile:".\Release\oscactivator.exe.intermediate.manifest" /MANIFESTUAC:"level='asInvoker' uiAccess='false'" /PDB:".\Release\oscactivator.pdb" /SUBSYSTEM:WINDOWS /OPT:REF /OPT:ICF /LTCG /TLBID:1 /DYNAMICBASE /NXCOMPAT /IMPLIB:".\Release\oscactivator.lib" /MACHINE:X86 .\Release\resources.res
         .\Release\AreaCentroidAlgorithm.obj
         .\Release\CompoundTerm.obj
         .\Release\DescriptiveAntecedent.obj
         .\Release\DiscreteTerm.obj
         .\Release\FunctionTerm.obj
         .\Release\FuzzyAnd.obj
         .\Release\FuzzyAntecedent.obj
         .\Release\FuzzyConsequent.obj
         .\Release\FuzzyDefuzzifier.obj
         .\Release\FuzzyEngine.obj
         .\Release\FuzzyException.obj
         .\Release\FuzzyExceptions.obj
         .\Release\FuzzyModulation.obj
         .\Release\FuzzyOperation.obj
         .\Release\FuzzyOperator.obj
         .\Release\FuzzyOr.obj
         .\Release\FuzzyRule.obj
         .\Release\Hedge.obj
         .\Release\HedgeSet.obj
         .\Release\InfixToPostfix.obj
         .\Release\InputLVar.obj
         .\Release\LinguisticTerm.obj
         .\Release\LinguisticVariable.obj
         .\Release\MamdaniConsequent.obj
         .\Release\MamdaniRule.obj
         .\Release\OutputLVar.obj
         .\Release\RectangularTerm.obj
         .\Release\RuleBlock.obj
         .\Release\ShoulderTerm.obj
         .\Release\SingletonTerm.obj
         .\Release\StrOp.obj
         .\Release\TakagiSugenoConsequent.obj
         .\Release\TakagiSugenoRule.obj
         .\Release\TakagiSugenoTerm.obj
         .\Release\TrapezoidalTerm.obj
         .\Release\TriangularTerm.obj
         .\Release\IpEndpointName.obj
         .\Release\NetworkingUtils.obj
         .\Release\UdpSocket.obj
         .\Release\OscOutboundPacketStream.obj
         .\Release\OscPrintReceivedElements.obj
         .\Release\OscReceivedElements.obj
         .\Release\OscTypes.obj
         .\Release\ConditionComponent.obj
         .\Release\ConditionListBoxModel.obj
         .\Release\Example.obj
         .\Release\InputComponent.obj
         .\Release\InputTimer.obj
         .\Release\MultipleSelectionListBoxModel.obj
         .\Release\MyMenuBarModel.obj
         .\Release\OutputComponent.obj
         .\Release\OutputsPanelComponent.obj
         .\Release\RuleComponent.obj
         .\Release\RuleEditorComponent.obj
         .\Release\RuleGenerator.obj
         .\Release\RulesListBoxModel.obj
         .\Release\RulesPanelComponent.obj
         .\Release\StatementComponent.obj
         .\Release\StatementListBoxModel.obj
         .\Release\TermManager.obj
         .\Release\InputsPanelComponent.obj
         .\Release\Main.obj
         .\Release\juce_audio_basics.obj
         .\Release\juce_audio_devices.obj
         .\Release\juce_audio_formats.obj
         .\Release\juce_audio_processors.obj
         .\Release\juce_core.obj
         .\Release\juce_cryptography.obj
         .\Release\juce_data_structures.obj
         .\Release\juce_events.obj
         .\Release\juce_graphics.obj
         .\Release\juce_gui_basics.obj
         .\Release\juce_gui_extra.obj
         .\Release\juce_opengl.obj
         .\Release\juce_video.obj
         .\Release\MainComponent.obj
         .\Release\MembershipGraphComponent.obj
         .\Release\OscManager.obj
         .\Release\Pool.obj
         Code wird generiert.
     1>c:\users\marinos\promotion\tools\oscactivator\oscactivator\jucelibrarycode\modules\juce_gui_basics\positioning\juce_relativerectangle.cpp(128): warning C4702: Unerreichbarer Code
     1>c:\users\marinos\promotion\tools\oscactivator\oscactivator\jucelibrarycode\modules\juce_gui_basics\positioning\juce_relativecoordinatepositioner.cpp(130): warning C4702: Unerreichbarer Code
     1>c:\users\marinos\promotion\tools\oscactivator\oscactivator\jucelibrarycode\modules\juce_gui_basics\positioning\juce_relativecoordinatepositioner.cpp(46): warning C4702: Unerreichbarer Code
         Codegenerierung ist abgeschlossen.
     1>LINK : fatal error LNK1123: Fehler bei der Konvertierung in COFF: Datei ist ungültig oder beschädigt.
     1>Die Erstellung des Projekts "C:\Users\marinos\Promotion\Tools\oscactivator\oscactivator\Builds\VisualStudio2010\oscactivator.vcxproj" ist abgeschlossen, build Ziel(e) -- FEHLER.

Fehler beim Erstellen

Verstrichene Zeit 00:01:42.57
